This is pdfTeX, Version 3.1415926-1.40.10 (MiKTeX 2.8) (preloaded format=latex 2010.6.29)  1 JUL 2011 16:01
entering extended mode
**masterF11
(C:\Users\hnebel\Documents\LabPHY131\masterF11.tex
LaTeX2e <2009/09/24>
Babel <v3.8l> and hyphenation patterns for english, dumylang, nohyphenation, ge
rman, ngerman, german-x-2009-06-19, ngerman-x-2009-06-19, french, loaded.
("C:\Program Files\MiKTeX 2.8\tex\latex\base\article.cls"
Document Class: article 2007/10/19 v1.4h Standard LaTeX document class
("C:\Program Files\MiKTeX 2.8\tex\latex\base\size10.clo"
File: size10.clo 2007/10/19 v1.4h Standard LaTeX file (size option)
)
\c@part=\count79
\c@section=\count80
\c@subsection=\count81
\c@subsubsection=\count82
\c@paragraph=\count83
\c@subparagraph=\count84
\c@figure=\count85
\c@table=\count86
\abovecaptionskip=\skip41
\belowcaptionskip=\skip42
\bibindent=\dimen102
)
("C:\Program Files\MiKTeX 2.8\tex\latex\base\fontenc.sty"
Package: fontenc 2005/09/27 v1.99g Standard LaTeX package

("C:\Program Files\MiKTeX 2.8\tex\latex\base\t1enc.def"
File: t1enc.def 2005/09/27 v1.99g Standard LaTeX file
LaTeX Font Info:    Redeclaring font encoding T1 on input line 43.
))
("C:\Program Files\MiKTeX 2.8\tex\latex\geometry\geometry.sty"
Package: geometry 2010/03/13 v5.3 Page Geometry

("C:\Program Files\MiKTeX 2.8\tex\latex\graphics\keyval.sty"
Package: keyval 1999/03/16 v1.13 key=value parser (DPC)
\KV@toks@=\toks14
)
("C:\Program Files\MiKTeX 2.8\tex\generic\oberdiek\ifpdf.sty"
Package: ifpdf 2010/01/28 v2.1 Provides the ifpdf switch (HO)
Package ifpdf Info: pdfTeX in pdf mode not detected.
)
("C:\Program Files\MiKTeX 2.8\tex\generic\oberdiek\ifvtex.sty"
Package: ifvtex 2010/03/01 v1.5 Switches for detecting VTeX and its modes (HO)
Package ifvtex Info: VTeX not detected.
)
\Gm@cnth=\count87
\Gm@cntv=\count88
\c@Gm@tempcnt=\count89
\Gm@bindingoffset=\dimen103
\Gm@wd@mp=\dimen104
\Gm@odd@mp=\dimen105
\Gm@even@mp=\dimen106
\Gm@layoutwidth=\dimen107
\Gm@layoutheight=\dimen108
\Gm@layouthoffset=\dimen109
\Gm@layoutvoffset=\dimen110
\Gm@dimlist=\toks15

("C:\Program Files\MiKTeX 2.8\tex\latex\geometry\geometry.cfg"))
(C:\Users\hnebel\Documents\LabPHY131\fancyhdr.sty
\fancy@headwidth=\skip43
\f@ncyO@elh=\skip44
\f@ncyO@erh=\skip45
\f@ncyO@olh=\skip46
\f@ncyO@orh=\skip47
\f@ncyO@elf=\skip48
\f@ncyO@erf=\skip49
\f@ncyO@olf=\skip50
\f@ncyO@orf=\skip51
)
("C:\Program Files\MiKTeX 2.8\tex\latex\graphics\graphicx.sty"
Package: graphicx 1999/02/16 v1.0f Enhanced LaTeX Graphics (DPC,SPQR)

("C:\Program Files\MiKTeX 2.8\tex\latex\graphics\graphics.sty"
Package: graphics 2009/02/05 v1.0o Standard LaTeX Graphics (DPC,SPQR)

("C:\Program Files\MiKTeX 2.8\tex\latex\graphics\trig.sty"
Package: trig 1999/03/16 v1.09 sin cos tan (DPC)
)
("C:\Program Files\MiKTeX 2.8\tex\latex\00miktex\graphics.cfg"
File: graphics.cfg 2007/01/18 v1.5 graphics configuration of teTeX/TeXLive
)
Package graphics Info: Driver file: dvips.def on input line 91.

("C:\Program Files\MiKTeX 2.8\tex\latex\graphics\dvips.def"
File: dvips.def 1999/02/16 v3.0i Driver-dependant file (DPC,SPQR)
))
\Gin@req@height=\dimen111
\Gin@req@width=\dimen112
)
(C:\Users\hnebel\Documents\LabPHY131\masterF11.aux
(C:\Users\hnebel\Documents\LabPHY131\measuring.aux)
(C:\Users\hnebel\Documents\LabPHY131\walking_speed.aux)
(C:\Users\hnebel\Documents\LabPHY131\position.aux)
(C:\Users\hnebel\Documents\LabPHY131\velocity.aux)
(C:\Users\hnebel\Documents\LabPHY131\relating.aux)
(C:\Users\hnebel\Documents\LabPHY131\changing.aux)
(C:\Users\hnebel\Documents\LabPHY131\slowing.aux)
(C:\Users\hnebel\Documents\LabPHY131\equations.aux)
(C:\Users\hnebel\Documents\LabPHY131\measurement_uncertainty.aux)
(C:\Users\hnebel\Documents\LabPHY131\grav_freefall.aux)
(C:\Users\hnebel\Documents\LabPHY131\projectile.aux)
(C:\Users\hnebel\Documents\LabPHY131\circ_motion.aux)
(C:\Users\hnebel\Documents\LabPHY131\force1.aux)
(C:\Users\hnebel\Documents\LabPHY131\force2.aux)
(C:\Users\hnebel\Documents\LabPHY131\combining.aux)
(C:\Users\hnebel\Documents\LabPHY131\force_mass.aux)
(C:\Users\hnebel\Documents\LabPHY131\newton.aux)
(C:\Users\hnebel\Documents\LabPHY131\friction.aux)
(C:\Users\hnebel\Documents\LabPHY131\elec_grav.aux)
(C:\Users\hnebel\Documents\LabPHY131\centripetal.aux)
(C:\Users\hnebel\Documents\LabPHY131\work_power.aux)
(C:\Users\hnebel\Documents\LabPHY131\work_kinetic.aux)
(C:\Users\hnebel\Documents\LabPHY131\conservation_mech.aux)
(C:\Users\hnebel\Documents\LabPHY131\eoverm2.aux)
(C:\Users\hnebel\Documents\LabPHY131\conservative.aux)
(C:\Users\hnebel\Documents\LabPHY131\momentum.aux)
(C:\Users\hnebel\Documents\LabPHY131\impulse.aux)
(C:\Users\hnebel\Documents\LabPHY131\newtons_laws.aux)
(C:\Users\hnebel\Documents\LabPHY131\mom_cons.aux)
(C:\Users\hnebel\Documents\LabPHY131\twod_collisions.aux)
(C:\Users\hnebel\Documents\LabPHY131\ang_lin_displacement.aux)
(C:\Users\hnebel\Documents\LabPHY131\rotation.aux)
(C:\Users\hnebel\Documents\LabPHY131\newtons_2law_rot.aux)
(C:\Users\hnebel\Documents\LabPHY131\ang_mom.aux)
(C:\Users\hnebel\Documents\LabPHY131\cons_ang_mom.aux)
(C:\Users\hnebel\Documents\LabPHY131\hooke.aux)
(C:\Users\hnebel\Documents\LabPHY131\periodic_motion.aux)
(C:\Users\hnebel\Documents\LabPHY131\pendulum_period.aux)
(C:\Users\hnebel\Documents\LabPHY131\galilean_relativity.aux)
(C:\Users\hnebel\Documents\LabPHY131\twins_paradox.aux)
(C:\Users\hnebel\Documents\LabPHY131\treatment_data.aux)
(C:\Users\hnebel\Documents\LabPHY131\datastudio.aux)
(C:\Users\hnebel\Documents\LabPHY131\excel.aux)
(C:\Users\hnebel\Documents\LabPHY131\video_analysis.aux)
(C:\Users\hnebel\Documents\LabPHY131\instrumentation.aux))
LaTeX Font Info:    Checking defaults for OML/cmm/m/it on input line 53.
LaTeX Font Info:    ... okay on input line 53.
LaTeX Font Info:    Checking defaults for T1/cmr/m/n on input line 53.
LaTeX Font Info:    ... okay on input line 53.
LaTeX Font Info:    Checking defaults for OT1/cmr/m/n on input line 53.
LaTeX Font Info:    ... okay on input line 53.
LaTeX Font Info:    Checking defaults for OMS/cmsy/m/n on input line 53.
LaTeX Font Info:    ... okay on input line 53.
LaTeX Font Info:    Checking defaults for OMX/cmex/m/n on input line 53.
LaTeX Font Info:    ... okay on input line 53.
LaTeX Font Info:    Checking defaults for U/cmr/m/n on input line 53.
LaTeX Font Info:    ... okay on input line 53.

*geometry* driver: auto-detecting
*geometry* detected driver: dvips

Package geometry Warning: The marginal notes overrun the paper.
     Add 21.42575pt and more to the right margin.

*geometry* verbose mode - [ preamble ] result:
* driver: dvips
* paper: 614.295pt, 794.96999pt (class default)
* layout: 614.295pt, 794.96999pt
* switch(es): twoside 
* h-part:(L,W,R)=(73.71613pt, 430.00462pt, 110.57425pt)
* v-part:(T,H,B)=(95.39737pt, 556.47656pt, 143.09605pt)
* \paperwidth=614.295pt
* \paperheight=794.96999pt
* \textwidth=486.91013pt
* \textheight=656.0612pt
* \oddsidemargin=1.44614pt
* \evensidemargin=38.30426pt
* \topmargin=14.45377pt
* \headheight=12.0pt
* \headsep=25.0pt
* \footskip=30.0pt
* \marginparwidth=121.0pt
* \marginparsep=11.0pt
* \columnsep=10.0pt
* \skip\footins=9.0pt plus 4.0pt minus 2.0pt
* \hoffset=-28.45274pt
* \voffset=-42.67912pt
* \mag=1000
* \@twocolumnfalse
* \@twosidetrue
* \@mparswitchtrue
* \@reversemarginfalse
* (1in=72.27pt, 1cm=28.453pt)

LaTeX Font Info:    External font `cmex10' loaded for size
(Font)              <12> on input line 64.
LaTeX Font Info:    External font `cmex10' loaded for size
(Font)              <8> on input line 64.
LaTeX Font Info:    External font `cmex10' loaded for size
(Font)              <6> on input line 64.
File: AtomicStructure.ps Graphic file (type eps)
<AtomicStructure.ps> [1

] [1] (C:\Users\hnebel\Documents\LabPHY131\masterF11.toc [2]
LaTeX Font Info:    External font `cmex10' loaded for size
(Font)              <7> on input line 44.
LaTeX Font Info:    External font `cmex10' loaded for size
(Font)              <5> on input line 44.
)
\tf@toc=\write3
 [3] (C:\Users\hnebel\Documents\LabPHY131\measuring.tex
LaTeX Font Info:    External font `cmex10' loaded for size
(Font)              <14.4> on input line 6.
LaTeX Font Info:    Try loading font information for OMS+cmr on input line 14.

("C:\Program Files\MiKTeX 2.8\tex\latex\base\omscmr.fd"
File: omscmr.fd 1999/05/25 v2.5h Standard LaTeX font definitions
)
LaTeX Font Info:    Font shape `OMS/cmr/m/n' in size <10> not available
(Font)              Font shape `OMS/cmsy/m/n' tried instead on input line 14.
 [4

]
File: measuring_fig1.eps Graphic file (type eps)

<measuring_fig1.eps>
File: measuring_fig2.eps Graphic file (type eps)
 <measuring_fig2.eps> [5] [6]
File: measuring_fig3.eps Graphic file (type eps)
 <measuring_fig3.eps>)
[7] (C:\Users\hnebel\Documents\LabPHY131\walking_speed.tex) [8


]
(C:\Users\hnebel\Documents\LabPHY131\position.tex [9


]
File: position_fig1.eps Graphic file (type eps)
 <position_fig1.eps>
File: position_fig1.eps Graphic file (type eps)

<position_fig1.eps>
File: position_fig1.eps Graphic file (type eps)
 <position_fig1.eps> [10]
File: position_fig2.eps Graphic file (type eps)
 <position_fig2.eps>
File: position_fig3.eps Graphic file (type eps)

<position_fig3.eps> [11]
File: position_fig4.eps Graphic file (type eps)
 <position_fig4.eps> [12]
File: position_fig5.eps Graphic file (type eps)
 <position_fig5.eps>
File: position_fig6.eps Graphic file (type eps)

<position_fig6.eps>
File: position_fig7.eps Graphic file (type eps)
 <position_fig7.eps>
File: position_fig8.eps Graphic file (type eps)
 <position_fig8.eps>
File: position_fig9.eps Graphic file (type eps)

<position_fig9.eps> [13]
File: position_fig10.eps Graphic file (type eps)
 <position_fig10.eps>
File: position_fig11.eps Graphic file (type eps)
 <position_fig11.eps>
File: position_fig12.eps Graphic file (type eps)

<position_fig12.eps>
File: position_fig13.eps Graphic file (type eps)
 <position_fig13.eps> [14]
File: position_fig13.eps Graphic file (type eps)
 <position_fig13.eps>
File: position_fig13.eps Graphic file (type eps)

<position_fig13.eps>
File: position_fig13.eps Graphic file (type eps)
 <position_fig13.eps>
File: position_fig13.eps Graphic file (type eps)
 <position_fig13.eps>
Underfull \vbox (badness 10000) has occurred while \output is active []

 [15])
[16] (C:\Users\hnebel\Documents\LabPHY131\velocity.tex
File: velocity_fig1.eps Graphic file (type eps)
 <velocity_fig1.eps>
File: velocity_fig1.eps Graphic file (type eps)

<velocity_fig1.eps> [17


]
File: velocity_fig1.eps Graphic file (type eps)
 <velocity_fig1.eps>
File: velocity_fig2.eps Graphic file (type eps)
 <velocity_fig2.eps>
Underfull \vbox (badness 1629) has occurred while \output is active []

 [18]
File: velocity_fig2.eps Graphic file (type eps)

<velocity_fig2.eps> [19]
File: velocity_fig3.eps Graphic file (type eps)
 <velocity_fig3.eps>
File: velocity_fig4.eps Graphic file (type eps)
 <velocity_fig4.eps>
File: velocity_fig5.eps Graphic file (type eps)

<velocity_fig5.eps>
File: velocity_fig6.eps Graphic file (type eps)
 <velocity_fig6.eps>
File: velocity_fig7.eps Graphic file (type eps)
 <velocity_fig7.eps>
Underfull \vbox (badness 10000) has occurred while \output is active []

 [20]
File: velocity_fig8.eps Graphic file (type eps)

<velocity_fig8.eps>
Underfull \vbox (badness 2020) has occurred while \output is active []

 [21]
File: velocity_fig9.eps Graphic file (type eps)

<velocity_fig9.eps>
File: velocity_fig10.eps Graphic file (type eps)
 <velocity_fig10.eps>
File: velocity_fig11.eps Graphic file (type eps)
 <velocity_fig11.eps>
File: velocity_fig12.eps Graphic file (type eps)

<velocity_fig12.eps>
Underfull \vbox (badness 10000) has occurred while \output is active []

 [22]
File: velocity_fig13.eps Graphic file (type eps)

<velocity_fig13.eps>
File: velocity_fig14.eps Graphic file (type eps)
 <velocity_fig14.eps>
File: velocity_fig15.eps Graphic file (type eps)
 <velocity_fig15.eps>
File: velocity_fig15.eps Graphic file (type eps)

<velocity_fig15.eps> [23]
File: velocity_fig16.eps Graphic file (type eps)
 <velocity_fig16.eps>
File: velocity_fig16.eps Graphic file (type eps)
 <velocity_fig16.eps>) [24]
(C:\Users\hnebel\Documents\LabPHY131\relating.tex
File: relating_fig1.eps Graphic file (type eps)
 <relating_fig1.eps> [25


]
Underfull \vbox (badness 1184) has occurred while \output is active []

 [26]
File: relating_fig2.eps Graphic file (type eps)

<relating_fig2.eps> [27]
File: relating_fig3.eps Graphic file (type eps)
 <relating_fig3.eps>
File: relating_fig4.eps Graphic file (type eps)
 <relating_fig4.eps>
File: relating_fig5.eps Graphic file (type eps)

<relating_fig5.eps>
File: relating_fig6.eps Graphic file (type eps)
 <relating_fig6.eps>
Underfull \vbox (badness 10000) has occurred while \output is active []

 [28])
[29] (C:\Users\hnebel\Documents\LabPHY131\changing.tex
File: changing_fig1.eps Graphic file (type eps)
 <changing_fig1.eps>
[30


]
File: changing_fig2.eps Graphic file (type eps)
 <changing_fig2.eps> [31]
File: changing_fig3.eps Graphic file (type eps)
 <changing_fig3.eps> [32]
File: changing_fig1.eps Graphic file (type eps)
 <changing_fig1.eps>
File: changing_fig2.eps Graphic file (type eps)

<changing_fig2.eps>
Underfull \vbox (badness 10000) has occurred while \output is active []

 [33]
[34]
File: changing_fig4.eps Graphic file (type eps)
 <changing_fig4.eps>
Underfull \vbox (badness 3482) has occurred while \output is active []

 [35]
File: changing_fig5.eps Graphic file (type eps)

<changing_fig5.eps>
Underfull \vbox (badness 10000) has occurred while \output is active []

 [36]
File: changing_fig5.eps Graphic file (type eps)

<changing_fig5.eps>
Underfull \vbox (badness 10000) has occurred while \output is active []

 [37]
File: changing_fig6.eps Graphic file (type eps)

<changing_fig6.eps> [38]
File: changing_fig7.eps Graphic file (type eps)
 <changing_fig7.eps>
File: changing_fig8.eps Graphic file (type eps)
 <changing_fig8.eps>
File: changing_fig9.eps Graphic file (type eps)

<changing_fig9.eps>
Underfull \vbox (badness 10000) has occurred while \output is active []

 [39]
File: changing_fig10.eps Graphic file (type eps)

<changing_fig10.eps>
File: changing_fig11.eps Graphic file (type eps)
 <changing_fig11.eps> [40]
File: changing_fig12.eps Graphic file (type eps)
 <changing_fig12.eps>
File: changing_fig12.eps Graphic file (type eps)

<changing_fig12.eps>
File: changing_fig12.eps Graphic file (type eps)
 <changing_fig12.eps>
Underfull \vbox (badness 10000) has occurred while \output is active []

 [41]
File: changing_fig12.eps Graphic file (type eps)

<changing_fig12.eps>) [42] (C:\Users\hnebel\Documents\LabPHY131\slowing.tex
File: slowing_fig1.eps Graphic file (type eps)

<slowing_fig1.eps> [43


] [44]
File: slowing_fig2.eps Graphic file (type eps)
 <slowing_fig2.eps>
File: slowing_fig1.eps Graphic file (type eps)
 <slowing_fig1.eps>
Underfull \vbox (badness 10000) has occurred while \output is active []

 [45]
[46]
File: slowing_fig3.eps Graphic file (type eps)
 <slowing_fig3.eps>
File: slowing_fig4.eps Graphic file (type eps)
 <slowing_fig4.eps> [47]
File: slowing_fig5.eps Graphic file (type eps)
 <slowing_fig5.eps> [48]
[49]
File: slowing_fig6.eps Graphic file (type eps)
 <slowing_fig6.eps>
File: slowing_fig7.eps Graphic file (type eps)
 <slowing_fig7.eps>
File: slowing_fig8.eps Graphic file (type eps)
 <slowing_fig8.eps>
Underfull \vbox (badness 10000) has occurred while \output is active []

 [50]
File: slowing_fig9.eps Graphic file (type eps)

<slowing_fig9.eps>
File: slowing_fig10.eps Graphic file (type eps)
 <slowing_fig10.eps> [51]
File: slowing_fig11.eps Graphic file (type eps)
 <slowing_fig11.eps>
File: slowing_fig12.eps Graphic file (type eps)

<slowing_fig12.eps>
File: slowing_fig13.eps Graphic file (type eps)
 <slowing_fig13.eps> [52]
File: slowing_fig14.eps Graphic file (type eps)
 <slowing_fig14.eps>
File: slowing_fig15.eps Graphic file (type eps)

<slowing_fig15.eps>
File: slowing_fig15.eps Graphic file (type eps)
 <slowing_fig15.eps> [53]
File: slowing_fig15.eps Graphic file (type eps)
 <slowing_fig15.eps>
File: slowing_fig16.eps Graphic file (type eps)

<slowing_fig16.eps>
File: slowing_fig16.eps Graphic file (type eps)
 <slowing_fig16.eps>
File: slowing_fig16.eps Graphic file (type eps)
 <slowing_fig16.eps> [54]
File: slowing_fig17.eps Graphic file (type eps)

<slowing_fig17.eps>
Overfull \hbox (42.06612pt too wide) in paragraph at lines 489--489
 [][] 
 []

) [55] (C:\Users\hnebel\Documents\LabPHY131\equations.tex
File: equations_fig1.eps Graphic file (type eps)
 <equations_fig1.eps>
Overfull \hbox (5.93112pt too wide) in paragraph at lines 49--49
 [][] 
 []

[56


] [57]
Underfull \vbox (badness 1286) has occurred while \output is active []

 [58]
File: equations_fig2.eps Graphic file (type eps)

<equations_fig2.eps> [59] [60]) [61]
(C:\Users\hnebel\Documents\LabPHY131\measurement_uncertainty.tex [62


] [63]
[64]
File: SampleHist1.eps Graphic file (type eps)
 <SampleHist1.eps> [65]
File: measurement_uncertainty_fig1.eps Graphic file (type eps)
 <measurement_uncertainty_fig1.eps>) [66]
(C:\Users\hnebel\Documents\LabPHY131\grav_freefall.tex [67


] [68] [69]) [70]
(C:\Users\hnebel\Documents\LabPHY131\projectile.tex [71


] [72]) [73]
(C:\Users\hnebel\Documents\LabPHY131\circ_motion.tex [74


] [75]
File: circ_motion_fig1.eps Graphic file (type eps)

<circ_motion_fig1.eps> [76]
File: circ_motion_fig2.eps Graphic file (type eps)
 <circ_motion_fig2.eps>
Underfull \vbox (badness 1077) has occurred while \output is active []

 [77]
File: circ_motion_fig3.eps Graphic file (type eps)

<circ_motion_fig3.eps>
Underfull \vbox (badness 5667) has occurred while \output is active []

 [78])
[79] (C:\Users\hnebel\Documents\LabPHY131\force1.tex [80


]
File: force1_fig1.eps Graphic file (type eps)
 <force1_fig1.eps>
File: force1_fig2.eps Graphic file (type eps)

<force1_fig2.eps>
Underfull \vbox (badness 10000) has occurred while \output is active []

 [81]
[82]
File: force1_fig3.eps Graphic file (type eps)
 <force1_fig3.eps> [83]
File: force1_fig4.eps Graphic file (type eps)
 <force1_fig4.eps>
File: force1_fig5.eps Graphic file (type eps)
 <force1_fig5.eps> [84]
File: force1_fig5.eps Graphic file (type eps)

<force1_fig5.eps>
Underfull \vbox (badness 10000) has occurred while \output is active []

 [85]
Underfull \vbox (badness 10000) has occurred while \output is active []

 [86]
[87]
File: force1_fig6.eps Graphic file (type eps)
 <force1_fig6.eps>
File: force1_fig7.eps Graphic file (type eps)
 <force1_fig7.eps>
File: force1_fig8.eps Graphic file (type eps)
 <force1_fig8.eps>
File: force1_fig9.eps Graphic file (type eps)
 <force1_fig9.eps>
[88]
File: force1_fig10.eps Graphic file (type eps)
 <force1_fig10.eps>
File: force1_fig10.eps Graphic file (type eps)
 <force1_fig10.eps>
File: force1_fig10.eps Graphic file (type eps)
 <force1_fig10.eps> [89]
File: force1_fig11.eps Graphic file (type eps)

<force1_fig11.eps>
File: force1_fig9.eps Graphic file (type eps)
 <force1_fig9.eps>
File: force1_fig12.eps Graphic file (type eps)
 <force1_fig12.eps>
Underfull \vbox (badness 10000) has occurred while \output is active []

 [90]
File: force1_fig9.eps Graphic file (type eps)

<force1_fig9.eps>) [91] (C:\Users\hnebel\Documents\LabPHY131\force2.tex
File: force2_fig1.eps Graphic file (type eps)

<force2_fig1.eps> [92


]
File: force2_fig2.eps Graphic file (type eps)
 <force2_fig2.eps>
File: force2_fig3.eps Graphic file (type eps)
 <force2_fig3.eps> [93]
File: force2_fig4.eps Graphic file (type eps)

<force2_fig4.eps> [94]
File: force2_fig5.eps Graphic file (type eps)
 <force2_fig5.eps> [95]
File: force2_fig6.eps Graphic file (type eps)
 <force2_fig6.eps>
File: force2_fig7.eps Graphic file (type eps)

<force2_fig7.eps>
File: force2_fig7.eps Graphic file (type eps)
 <force2_fig7.eps>
Underfull \vbox (badness 1533) has occurred while \output is active []

 [96]
File: force2_fig7.eps Graphic file (type eps)

<force2_fig7.eps>
File: force2_fig7.eps Graphic file (type eps)
 <force2_fig7.eps>
File: force2_fig7.eps Graphic file (type eps)
 <force2_fig7.eps>
File: force2_fig7.eps Graphic file (type eps)
 <force2_fig7.eps>
[97]
File: force2_fig8.eps Graphic file (type eps)
 <force2_fig8.eps>
File: force2_fig9.eps Graphic file (type eps)
 <force2_fig9.eps>
Underfull \vbox (badness 7925) has occurred while \output is active []

 [98]
File: force2_fig6.eps Graphic file (type eps)

<force2_fig6.eps>
File: force2_fig10.eps Graphic file (type eps)
 <force2_fig10.eps>) [99]
(C:\Users\hnebel\Documents\LabPHY131\combining.tex
File: force2_fig4.eps Graphic file (type eps)
 <force2_fig4.eps> [100


]
[101]
File: combining_fig1.eps Graphic file (type eps)
 <combining_fig1.eps>
Underfull \vbox (badness 10000) has occurred while \output is active []

 [102]
File: force2_fig4.eps Graphic file (type eps)

<force2_fig4.eps>
Underfull \vbox (badness 10000) has occurred while \output is active []

 [103]
[104]
File: combining_fig2.eps Graphic file (type eps)
 <combining_fig2.eps>
File: combining_fig3.eps Graphic file (type eps)
 <combining_fig3.eps>
File: combining_fig4.eps Graphic file (type eps)
 <combining_fig4.eps>
File: combining_fig4.eps Graphic file (type eps)

<combining_fig4.eps> [105]
File: combining_fig4.eps Graphic file (type eps)
 <combining_fig4.eps>) [106]
(C:\Users\hnebel\Documents\LabPHY131\force_mass.tex [107


]
File: force1_fig4.eps Graphic file (type eps)
 <force1_fig4.eps>
File: force2_fig4.eps Graphic file (type eps)

<force2_fig4.eps>
Underfull \vbox (badness 10000) has occurred while \output is active []

 [108]
Underfull \vbox (badness 2573) has occurred while \output is active []

 [109]
[110] [111] [112] [113]
File: force2_fig6.eps Graphic file (type eps)
 <force2_fig6.eps>
File: force_mass_fig1.eps Graphic file (type eps)
 <force_mass_fig1.eps> [114]
File: combining_fig2.eps Graphic file (type eps)

<combining_fig2.eps>
File: combining_fig4.eps Graphic file (type eps)
 <combining_fig4.eps>) [115]
(C:\Users\hnebel\Documents\LabPHY131\newton.tex
File: newton_fig1.eps Graphic file (type eps)
 <newton_fig1.eps> [116


]
File: newton_fig2.eps Graphic file (type eps)

<newton_fig2.eps>
File: newton_fig3.eps Graphic file (type eps)
 <newton_fig3.eps>
File: newton_fig4.eps Graphic file (type eps)
 <newton_fig4.eps> [117]
File: newton_fig5.eps Graphic file (type eps)
 <newton_fig5.eps>
Underfull \vbox (badness 10000) has occurred while \output is active []

 [118]
File: newton_fig6.eps Graphic file (type eps)

<newton_fig6.eps> [119]
File: newton_fig7.eps Graphic file (type eps)
 <newton_fig7.eps>
File: newton_fig8.eps Graphic file (type eps)
 <newton_fig8.eps>
Underfull \vbox (badness 10000) has occurred while \output is active []

 [120]
File: newton_fig9.eps Graphic file (type eps)

<newton_fig9.eps> [121]
File: newton_fig10.eps Graphic file (type eps)
 <newton_fig10.eps>) [122]
(C:\Users\hnebel\Documents\LabPHY131\friction.tex [123


] [124]
File: friction_fig1.eps Graphic file (type eps)

<friction_fig1.eps> [125]
File: friction_fig2.eps Graphic file (type eps)
 <friction_fig2.eps>
File: friction_fig3.eps Graphic file (type eps)
 <friction_fig3.eps>
File: friction_fig4.eps Graphic file (type eps)

<friction_fig4.eps>
File: friction_fig4.eps Graphic file (type eps)
 <friction_fig4.eps>
File: friction_fig5.eps Graphic file (type eps)
 <friction_fig5.eps> [126]
File: friction_fig6.eps Graphic file (type eps)

<friction_fig6.eps>
File: friction_fig4.eps Graphic file (type eps)
 <friction_fig4.eps>) [127]
(C:\Users\hnebel\Documents\LabPHY131\elec_grav.tex
File: elec_grav_fig1.eps Graphic file (type eps)
 <elec_grav_fig1.eps>
File: elec_grav_fig2.eps Graphic file (type eps)

<elec_grav_fig2.eps>
Underfull \vbox (badness 5504) has occurred while \output is active []

 [128


]
File: elec_grav_fig3.eps Graphic file (type eps)

<elec_grav_fig3.eps>
File: elec_grav_fig4.eps Graphic file (type eps)
 <elec_grav_fig4.eps>
Underfull \vbox (badness 10000) has occurred while \output is active []

 [129]
[130]
Underfull \vbox (badness 3000) has occurred while \output is active []

 [131])
[132] (C:\Users\hnebel\Documents\LabPHY131\centripetal.tex
File: centripetal_fig1.eps Graphic file (type eps)

<centripetal_fig1.eps>
File: centripetal_fig2.eps Graphic file (type eps)
 <centripetal_fig2.eps> [133


]
File: circ_motion_fig1.eps Graphic file (type eps)
 <circ_motion_fig1.eps>
Underfull \vbox (badness 10000) has occurred while \output is active []

 [134]
File: circ_motion_fig2.eps Graphic file (type eps)

<circ_motion_fig2.eps> [135] [136]
File: circ_motion_fig3.eps Graphic file (type eps)
 <circ_motion_fig3.eps> [137] [138] [139]
Underfull \hbox (badness 10000) in paragraph at lines 356--361

 []


Underfull \hbox (badness 10000) in paragraph at lines 362--371

 []


Underfull \hbox (badness 10000) in paragraph at lines 362--371

 []

) [140] (C:\Users\hnebel\Documents\LabPHY131\work_power.tex
File: work_power_fig1.eps Graphic file (type eps)

<work_power_fig1.eps>
File: work_power_fig2.eps Graphic file (type eps)
 <work_power_fig2.eps> [141


] [142]
File: work_power_fig3.eps Graphic file (type eps)
 <work_power_fig3.eps>
File: work_power_fig4.eps Graphic file (type eps)

<work_power_fig4.eps>
File: work_power_fig5.eps Graphic file (type eps)
 <work_power_fig5.eps> [143]
File: work_power_fig6.eps Graphic file (type eps)
 <work_power_fig6.eps>
[144]
Underfull \vbox (badness 1365) has occurred while \output is active []

 [145])
[146] (C:\Users\hnebel\Documents\LabPHY131\work_kinetic.tex [147


]
File: work_kinetic_fig1.eps Graphic file (type eps)

<work_kinetic_fig1.eps>
Underfull \vbox (badness 10000) has occurred while \output is active []

 [148]
File: work_kinetic_fig2.eps Graphic file (type eps)

<work_kinetic_fig2.eps> [149] [150] [151]) [152]
(C:\Users\hnebel\Documents\LabPHY131\conservation_mech.tex [153


] [154])
[155] (C:\Users\hnebel\Documents\LabPHY131\eoverm2.tex
File: eoverm2/vCrossB.eps Graphic file (type eps)
 <eoverm2/vCrossB.eps>
[156


] [157]
File: eoverm2/apparatus1.ps Graphic file (type eps)
 <eoverm2/apparatus1.ps> [158]
File: eoverm2/apparatus2.ps Graphic file (type eps)
 <eoverm2/apparatus2.ps> [159]
[160]) [161] (C:\Users\hnebel\Documents\LabPHY131\conservative.tex
File: conservative_fig1.eps Graphic file (type eps)

<conservative_fig1.eps> [162


]
File: conservative_fig2.eps Graphic file (type eps)
 <conservative_fig2.eps> [163]
File: conservative_fig3.eps Graphic file (type eps)

<conservative_fig3.eps>
File: conservative_fig4.eps Graphic file (type eps)
 <conservative_fig4.eps>
Underfull \vbox (badness 10000) has occurred while \output is active []

 [164]
[165]) [166] (C:\Users\hnebel\Documents\LabPHY131\momentum.tex
File: momentum_fig1.eps Graphic file (type eps)

<momentum_fig1.eps> [167


] [168] [169] [170]
File: momentum_fig2.eps Graphic file (type eps)
 <momentum_fig2.eps>
Underfull \vbox (badness 10000) has occurred while \output is active []

 [171]
File: momentum_fig3.eps Graphic file (type eps)

<momentum_fig3.eps>) [172] (C:\Users\hnebel\Documents\LabPHY131\impulse.tex
File: impulse_fig1.eps Graphic file (type eps)

<impulse_fig1.eps> [173


]
File: impulse_fig2.eps Graphic file (type eps)
 <impulse_fig2.eps>
File: impulse_fig3.eps Graphic file (type eps)
 <impulse_fig3.eps> [174]
File: impulse_fig4.eps Graphic file (type eps)

<impulse_fig4.eps> [175]) [176]
(C:\Users\hnebel\Documents\LabPHY131\newtons_laws.tex
File: newtons_laws_fig1.eps Graphic file (type eps)
 <newtons_laws_fig1.eps>
[177


]
File: newtons_laws_fig2.eps Graphic file (type eps)
 <newtons_laws_fig2.eps>
File: newtons_laws_fig3.eps Graphic file (type eps)
 <newtons_laws_fig3.eps>
File: newtons_laws_fig4.eps Graphic file (type eps)
 <newtons_laws_fig4.eps>
[178]
File: newtons_laws_fig5.eps Graphic file (type eps)
 <newtons_laws_fig5.eps>
File: newtons_laws_fig6.eps Graphic file (type eps)
 <newtons_laws_fig6.eps> [179] [180]
Underfull \vbox (badness 1210) has occurred while \output is active []

 [181]
[182]) [183] (C:\Users\hnebel\Documents\LabPHY131\mom_cons.tex
File: mom_cons_fig1.eps Graphic file (type eps)

<mom_cons_fig1.eps>
Overfull \hbox (53.10736pt too wide) in paragraph at lines 68--68
 [][] 
 []

[184


]
File: mom_cons_fig2.eps Graphic file (type eps)
 <mom_cons_fig2.eps> [185]
File: mom_cons_fig3.eps Graphic file (type eps)
 <mom_cons_fig3.eps>
File: mom_cons_fig4.eps Graphic file (type eps)
 <mom_cons_fig4.eps>
[186]
File: mom_cons_fig5.eps Graphic file (type eps)
 <mom_cons_fig5.eps>
Underfull \vbox (badness 10000) has occurred while \output is active []

 [187]
[188]) [189] (C:\Users\hnebel\Documents\LabPHY131\twod_collisions.tex
File: twod_collisions_fig1.eps Graphic file (type eps)

<twod_collisions_fig1.eps>
File: twod_collisions_fig2.eps Graphic file (type eps)
 <twod_collisions_fig2.eps>
Underfull \vbox (badness 5147) has occurred while \output is active []

 [190


]
[191]
File: twod_collisions_fig3.eps Graphic file (type eps)
 <twod_collisions_fig3.eps> [192] [193] [194]) [195]
(C:\Users\hnebel\Documents\LabPHY131\ang_lin_displacement.tex

Package Fancyhdr Warning: \headheight is too small (12.0pt): 
 Make it at least 22.48724pt.
 We now make it that large for the rest of the document.
 This may cause the page layout to be inconsistent, however.

[196


]) [197] (C:\Users\hnebel\Documents\LabPHY131\rotation.tex
File: rotation_fig1.eps Graphic file (type eps)

<rotation_fig1.eps> [198


]
File: rotation_fig3.eps Graphic file (type eps)
 <rotation_fig3.eps>
File: rotation_fig4.eps Graphic file (type eps)
 <rotation_fig4.eps>
File: rotation_fig5.eps Graphic file (type eps)

<rotation_fig5.eps> [199]
File: rotation_fig6.eps Graphic file (type eps)
 <rotation_fig6.eps> [200]
File: rotation_fig7.eps Graphic file (type eps)
 <rotation_fig7.eps>
[201]
File: rotation_fig8.eps Graphic file (type eps)
 <rotation_fig8.eps>
Underfull \vbox (badness 10000) has occurred while \output is active []

 [202]
File: rotation_fig9.eps Graphic file (type eps)

<rotation_fig9.eps> [203]) [204]
(C:\Users\hnebel\Documents\LabPHY131\newtons_2law_rot.tex [205


] [206] [207])
[208] (C:\Users\hnebel\Documents\LabPHY131\ang_mom.tex
File: ang_mom_fig1.eps Graphic file (type eps)
 <ang_mom_fig1.eps>
[209


]
File: ang_mom_fig2.eps Graphic file (type eps)
 <ang_mom_fig2.eps> [210]
File: ang_mom_fig3.eps Graphic file (type eps)
 <ang_mom_fig3.eps> [211]
File: ang_mom_fig4.eps Graphic file (type eps)
 <ang_mom_fig4.eps>
File: ang_mom_fig5.eps Graphic file (type eps)

<ang_mom_fig5.eps> [212]
File: ang_mom_fig6.eps Graphic file (type eps)
 <ang_mom_fig6.eps> [213]) [214]
(C:\Users\hnebel\Documents\LabPHY131\cons_ang_mom.tex [215


] [216] [217])
[218] (C:\Users\hnebel\Documents\LabPHY131\hooke.tex
Underfull \hbox (badness 10000) in paragraph at lines 14--15

 []

[219


]) [220] (C:\Users\hnebel\Documents\LabPHY131\periodic_motion.tex
File: periodic_motion_fig1.eps Graphic file (type eps)

<periodic_motion_fig1.eps>
Underfull \vbox (badness 1057) has occurred while \output is active []

 [221


]
[222]
Underfull \vbox (badness 1817) has occurred while \output is active []

 [223]
File: periodic_motion_fig2.eps Graphic file (type eps)

<periodic_motion_fig2.eps>
File: periodic_motion_fig3.eps Graphic file (type eps)
 <periodic_motion_fig3.eps>
Underfull \vbox (badness 4303) has occurred while \output is active []

 [224]
Underfull \vbox (badness 10000) has occurred while \output is active []

 [225]
[226]) [227] (C:\Users\hnebel\Documents\LabPHY131\pendulum_period.tex
Underfull \hbox (badness 10000) in paragraph at lines 18--19

 []

[228


]) [229] (C:\Users\hnebel\Documents\LabPHY131\galilean_relativity.tex
[230


] [231] [232]) [233] (C:\Users\hnebel\Documents\LabPHY131\twins_paradox.tex [23
4


] [235]) [236] (C:\Users\hnebel\Documents\LabPHY131\treatment_data.tex
[237


]) [238] (C:\Users\hnebel\Documents\LabPHY131\datastudio.tex
File: datastudio_fig1.eps Graphic file (type eps)

<datastudio_fig1.eps> [239


]) [240]
(C:\Users\hnebel\Documents\LabPHY131\excel.tex
File: excelfigs/excelwindow.eps Graphic file (type eps)
 <excelfigs/excelwindow.eps>
LaTeX Font Info:    Try loading font information for T1+cmtt on input line 32.

("C:\Program Files\MiKTeX 2.8\tex\latex\base\t1cmtt.fd"
File: t1cmtt.fd 1999/05/25 v2.5h Standard LaTeX font definitions
)
File: excelfigs/scatterplot.eps Graphic file (type eps)

<excelfigs/scatterplot.eps> [241


]
File: excelfigs/histf1.eps Graphic file (type eps)
 <excelfigs/histf1.eps>
File: excelfigs/histf2.eps Graphic file (type eps)

<excelfigs/histf2.eps>
File: excelfigs/histf3.eps Graphic file (type eps)
 <excelfigs/histf3.eps>
File: excelfigs/histf4.eps Graphic file (type eps)
 <excelfigs/histf4.eps>) [242]
[243] (C:\Users\hnebel\Documents\LabPHY131\video_analysis.tex
Overfull \hbox (10.01775pt too wide) in paragraph at lines 81--89
[]\T1/cmr/m/n/10 Start up \T1/cmr/m/it/10 Video-point \T1/cmr/m/n/10 by go-ing 
to \T1/cmtt/m/n/10 Start $\OMS/cmsy/m/n/10 !$ \T1/cmtt/m/n/10 Programs $\OMS/cm
sy/m/n/10 !$ \T1/cmtt/m/n/10 Physics Applications $\OMS/cmsy/m/n/10 !$ \T1/cmtt
/m/n/10 VideoPoint $\OMS/cmsy/m/n/10 !$ \T1/cmtt/m/n/10 VideoPoint
 []

[244


]) [245] (C:\Users\hnebel\Documents\LabPHY131\instrumentation.tex [246


]
File: instrumentation_fig1.eps Graphic file (type eps)

<instrumentation_fig1.eps> [247] [248]) [249]
(C:\Users\hnebel\Documents\LabPHY131\masterF11.aux
(C:\Users\hnebel\Documents\LabPHY131\measuring.aux)
(C:\Users\hnebel\Documents\LabPHY131\walking_speed.aux)
(C:\Users\hnebel\Documents\LabPHY131\position.aux)
(C:\Users\hnebel\Documents\LabPHY131\velocity.aux)
(C:\Users\hnebel\Documents\LabPHY131\relating.aux)
(C:\Users\hnebel\Documents\LabPHY131\changing.aux)
(C:\Users\hnebel\Documents\LabPHY131\slowing.aux)
(C:\Users\hnebel\Documents\LabPHY131\equations.aux)
(C:\Users\hnebel\Documents\LabPHY131\measurement_uncertainty.aux)
(C:\Users\hnebel\Documents\LabPHY131\grav_freefall.aux)
(C:\Users\hnebel\Documents\LabPHY131\projectile.aux)
(C:\Users\hnebel\Documents\LabPHY131\circ_motion.aux)
(C:\Users\hnebel\Documents\LabPHY131\force1.aux)
(C:\Users\hnebel\Documents\LabPHY131\force2.aux)
(C:\Users\hnebel\Documents\LabPHY131\combining.aux)
(C:\Users\hnebel\Documents\LabPHY131\force_mass.aux)
(C:\Users\hnebel\Documents\LabPHY131\newton.aux)
(C:\Users\hnebel\Documents\LabPHY131\friction.aux)
(C:\Users\hnebel\Documents\LabPHY131\elec_grav.aux)
(C:\Users\hnebel\Documents\LabPHY131\centripetal.aux)
(C:\Users\hnebel\Documents\LabPHY131\work_power.aux)
(C:\Users\hnebel\Documents\LabPHY131\work_kinetic.aux)
(C:\Users\hnebel\Documents\LabPHY131\conservation_mech.aux)
(C:\Users\hnebel\Documents\LabPHY131\eoverm2.aux)
(C:\Users\hnebel\Documents\LabPHY131\conservative.aux)
(C:\Users\hnebel\Documents\LabPHY131\momentum.aux)
(C:\Users\hnebel\Documents\LabPHY131\impulse.aux)
(C:\Users\hnebel\Documents\LabPHY131\newtons_laws.aux)
(C:\Users\hnebel\Documents\LabPHY131\mom_cons.aux)
(C:\Users\hnebel\Documents\LabPHY131\twod_collisions.aux)
(C:\Users\hnebel\Documents\LabPHY131\ang_lin_displacement.aux)
(C:\Users\hnebel\Documents\LabPHY131\rotation.aux)
(C:\Users\hnebel\Documents\LabPHY131\newtons_2law_rot.aux)
(C:\Users\hnebel\Documents\LabPHY131\ang_mom.aux)
(C:\Users\hnebel\Documents\LabPHY131\cons_ang_mom.aux)
(C:\Users\hnebel\Documents\LabPHY131\hooke.aux)
(C:\Users\hnebel\Documents\LabPHY131\periodic_motion.aux)
(C:\Users\hnebel\Documents\LabPHY131\pendulum_period.aux)
(C:\Users\hnebel\Documents\LabPHY131\galilean_relativity.aux)
(C:\Users\hnebel\Documents\LabPHY131\twins_paradox.aux)
(C:\Users\hnebel\Documents\LabPHY131\treatment_data.aux)
(C:\Users\hnebel\Documents\LabPHY131\datastudio.aux)
(C:\Users\hnebel\Documents\LabPHY131\excel.aux)
(C:\Users\hnebel\Documents\LabPHY131\video_analysis.aux)
(C:\Users\hnebel\Documents\LabPHY131\instrumentation.aux)) ) 
Here is how much of TeX's memory you used:
 2167 strings out of 495286
 39176 string characters out of 3180414
 95002 words of memory out of 3000000
 4867 multiletter control sequences out of 15000+200000
 21954 words of font info for 53 fonts, out of 3000000 for 9000
 14 hyphenation exceptions out of 8191
 30i,11n,43p,882b,313s stack positions out of 5000i,500n,10000p,200000b,50000s

Output written on masterF11.dvi (250 pages, 630368 bytes).
