This is pdfTeXk, Version 3.141592-1.40.3 (Web2C 7.5.6) (format=latex 2012.8.14)  9 DEC 2014 13:51
entering extended mode
 %&-line parsing enabled.
**master
(./master.tex
LaTeX2e <2005/12/01>
Babel <v3.8h> and hyphenation patterns for english, usenglishmax, dumylang, noh
yphenation, arabic, basque, bulgarian, coptic, welsh, czech, slovak, german, ng
erman, danish, esperanto, spanish, catalan, galician, estonian, farsi, finnish,
 french, greek, monogreek, ancientgreek, croatian, hungarian, interlingua, ibyc
us, indonesian, icelandic, italian, latin, mongolian, dutch, norsk, polish, por
tuguese, pinyin, romanian, russian, slovenian, uppersorbian, serbian, swedish, 
turkish, ukenglish, ukrainian, loaded.
(/usr/share/texmf/tex/latex/base/article.cls
Document Class: article 2005/09/16 v1.4f Standard LaTeX document class
(/usr/share/texmf/tex/latex/base/size10.clo
File: size10.clo 2005/09/16 v1.4f Standard LaTeX file (size option)
)
\c@part=\count79
\c@section=\count80
\c@subsection=\count81
\c@subsubsection=\count82
\c@paragraph=\count83
\c@subparagraph=\count84
\c@figure=\count85
\c@table=\count86
\abovecaptionskip=\skip41
\belowcaptionskip=\skip42
\bibindent=\dimen102
)
(/usr/share/texmf/tex/latex/base/fontenc.sty
Package: fontenc 2005/09/27 v1.99g Standard LaTeX package

(/usr/share/texmf/tex/latex/base/t1enc.def
File: t1enc.def 2005/09/27 v1.99g Standard LaTeX file
LaTeX Font Info:    Redeclaring font encoding T1 on input line 43.
))
(/usr/share/texmf/tex/latex/geometry/geometry.sty
Package: geometry 2002/07/08 v3.2 Page Geometry

(/usr/share/texmf/tex/latex/graphics/keyval.sty
Package: keyval 1999/03/16 v1.13 key=value parser (DPC)
\KV@toks@=\toks14
)
\Gm@cnth=\count87
\Gm@cntv=\count88
\c@Gm@tempcnt=\count89
\Gm@bindingoffset=\dimen103
\Gm@wd@mp=\dimen104
\Gm@odd@mp=\dimen105
\Gm@even@mp=\dimen106
\Gm@dimlist=\toks15
) (./fancyhdr.sty
\fancy@headwidth=\skip43
\f@ncyO@elh=\skip44
\f@ncyO@erh=\skip45
\f@ncyO@olh=\skip46
\f@ncyO@orh=\skip47
\f@ncyO@elf=\skip48
\f@ncyO@erf=\skip49
\f@ncyO@olf=\skip50
\f@ncyO@orf=\skip51
)
(/usr/share/texmf/tex/latex/graphics/graphicx.sty
Package: graphicx 1999/02/16 v1.0f Enhanced LaTeX Graphics (DPC,SPQR)

(/usr/share/texmf/tex/latex/graphics/graphics.sty
Package: graphics 2006/02/20 v1.0o Standard LaTeX Graphics (DPC,SPQR)

(/usr/share/texmf/tex/latex/graphics/trig.sty
Package: trig 1999/03/16 v1.09 sin cos tan (DPC)
)
(/usr/share/texmf/tex/latex/config/graphics.cfg
File: graphics.cfg 2007/01/18 v1.5 graphics configuration of teTeX/TeXLive
)
Package graphics Info: Driver file: dvips.def on input line 90.

(/usr/share/texmf/tex/latex/graphics/dvips.def
File: dvips.def 1999/02/16 v3.0i Driver-dependant file (DPC,SPQR)
))
\Gin@req@height=\dimen107
\Gin@req@width=\dimen108
) (./master.aux
(./measuring.aux) (./walking_speed.aux) (./position.aux) (./velocity.aux)
(./relating.aux) (./changing.aux) (./slowing.aux) (./equations.aux)
(./measurement_uncertainty.aux) (./grav_freefall.aux) (./projectile.aux)
(./circ_motion.aux) (./force1.aux) (./force2.aux) (./combining.aux)
(./force_mass.aux) (./newton.aux) (./friction.aux) (./elec_grav.aux)
(./centripetal.aux) (./work_power.aux) (./work_kinetic.aux)
(./conservation_mech.aux) (./eoverm2.aux) (./conservative.aux) (./momentum.aux)
(./impulse.aux) (./newtons_laws.aux) (./mom_cons.aux) (./twod_collisions.aux)
(./ang_lin_displacement.aux) (./rotation.aux) (./newtons_2law_rot.aux)
(./ang_mom.aux) (./cons_ang_mom.aux) (./hooke.aux) (./periodic_motion.aux)
(./pendulum_period.aux) (./galilean_relativity.aux) (./twins_paradox.aux)
(./treatment_data.aux) (./datastudio.aux) (./excel.aux) (./video_analysis.aux)
(./video_analysis_tracker.aux) (./instrumentation.aux))
\openout1 = `master.aux'.

LaTeX Font Info:    Checking defaults for OML/cmm/m/it on input line 53.
LaTeX Font Info:    ... okay on input line 53.
LaTeX Font Info:    Checking defaults for T1/cmr/m/n on input line 53.
LaTeX Font Info:    ... okay on input line 53.
LaTeX Font Info:    Checking defaults for OT1/cmr/m/n on input line 53.
LaTeX Font Info:    ... okay on input line 53.
LaTeX Font Info:    Checking defaults for OMS/cmsy/m/n on input line 53.
LaTeX Font Info:    ... okay on input line 53.
LaTeX Font Info:    Checking defaults for OMX/cmex/m/n on input line 53.
LaTeX Font Info:    ... okay on input line 53.
LaTeX Font Info:    Checking defaults for U/cmr/m/n on input line 53.
LaTeX Font Info:    ... okay on input line 53.


Package geometry Warning: The marginal notes would fall off the page.
     Add 21.42575pt and more to the right margin.

-------------------- Geometry parameters
paper: class default
landscape: --
twocolumn: --
twoside: true
asymmetric: --
h-parts: 73.71613pt, 0.7\paperwidth , 110.57425pt (default)
v-parts: 95.39737pt, 0.7\paperheight , 143.09605pt (default)
hmarginratio: 2:3
vmarginratio: 2:3
lines: --
heightrounded: --
bindingoffset: 0.0pt
truedimen: --
includehead: --
includefoot: --
includemp: --
driver: 
-------------------- Page layout dimensions and switches
\paperwidth  614.295pt
\paperheight 794.96999pt
\textwidth  486.91013pt
\textheight 656.0612pt
\oddsidemargin  1.44614pt
\evensidemargin 38.30426pt
\topmargin  14.45377pt
\headheight 12.0pt
\headsep    25.0pt
\footskip   30.0pt
\marginparwidth 121.0pt
\marginparsep   11.0pt
\columnsep  10.0pt
\skip\footins  9.0pt plus 4.0pt minus 2.0pt
\hoffset -28.45274pt
\voffset -42.67912pt
\mag 1000
\@twosidetrue \@mparswitchtrue 
(1in=72.27pt, 1cm=28.45pt)
-----------------------
LaTeX Font Info:    External font `cmex10' loaded for size
(Font)              <12> on input line 65.
LaTeX Font Info:    External font `cmex10' loaded for size
(Font)              <8> on input line 65.
LaTeX Font Info:    External font `cmex10' loaded for size
(Font)              <6> on input line 65.
File: AtomicStructure.ps Graphic file (type eps)
<AtomicStructure.ps> [1

] [1] (./master.toc [2]
LaTeX Font Info:    External font `cmex10' loaded for size
(Font)              <7> on input line 44.
LaTeX Font Info:    External font `cmex10' loaded for size
(Font)              <5> on input line 44.
)
\tf@toc=\write3
\openout3 = `master.toc'.

 [3]
\openout2 = `measuring.aux'.

 (./measuring.tex
LaTeX Font Info:    External font `cmex10' loaded for size
(Font)              <14.4> on input line 6.
LaTeX Font Info:    Try loading font information for OMS+cmr on input line 14.

(/usr/share/texmf/tex/latex/base/omscmr.fd
File: omscmr.fd 1999/05/25 v2.5h Standard LaTeX font definitions
)
LaTeX Font Info:    Font shape `OMS/cmr/m/n' in size <10> not available
(Font)              Font shape `OMS/cmsy/m/n' tried instead on input line 14.
 [4

]
File: measuring_fig1.eps Graphic file (type eps)
 <measuring_fig1.eps>
File: measuring_fig2.eps Graphic file (type eps)

<measuring_fig2.eps>
Underfull \vbox (badness 10000) has occurred while \output is active []

 [5]
[6]
File: measuring_fig3.eps Graphic file (type eps)
 <measuring_fig3.eps>) [7]
\openout2 = `walking_speed.aux'.

 (./walking_speed.tex) [8


]
\openout2 = `position.aux'.

 (./position.tex
[9


]
File: position_fig1.eps Graphic file (type eps)
 <position_fig1.eps>
File: position_fig1.eps Graphic file (type eps)
 <position_fig1.eps>
File: position_fig1.eps Graphic file (type eps)
 <position_fig1.eps> [10]
File: position_fig2.eps Graphic file (type eps)

<position_fig2.eps>
File: position_fig3.eps Graphic file (type eps)
 <position_fig3.eps> [11]
File: position_fig4.eps Graphic file (type eps)
 <position_fig4.eps> [12]
File: position_fig5.eps Graphic file (type eps)

<position_fig5.eps>
File: position_fig6.eps Graphic file (type eps)
 <position_fig6.eps>
File: position_fig7.eps Graphic file (type eps)
 <position_fig7.eps>
File: position_fig8.eps Graphic file (type eps)

<position_fig8.eps>
File: position_fig9.eps Graphic file (type eps)
 <position_fig9.eps> [13]
File: position_fig10.eps Graphic file (type eps)
 <position_fig10.eps>
File: position_fig11.eps Graphic file (type eps)

<position_fig11.eps>
File: position_fig12.eps Graphic file (type eps)
 <position_fig12.eps>
File: position_fig13.eps Graphic file (type eps)
 <position_fig13.eps> [14]
File: position_fig13.eps Graphic file (type eps)

<position_fig13.eps>
File: position_fig13.eps Graphic file (type eps)
 <position_fig13.eps>
File: position_fig13.eps Graphic file (type eps)
 <position_fig13.eps>
File: position_fig13.eps Graphic file (type eps)

<position_fig13.eps>
Underfull \vbox (badness 10000) has occurred while \output is active []

 [15])
[16]
\openout2 = `velocity.aux'.

 (./velocity.tex
File: velocity_fig1.eps Graphic file (type eps)
 <velocity_fig1.eps>
File: velocity_fig1.eps Graphic file (type eps)
 <velocity_fig1.eps> [17


]
File: velocity_fig1.eps Graphic file (type eps)

<velocity_fig1.eps>
File: velocity_fig2.eps Graphic file (type eps)
 <velocity_fig2.eps>
Underfull \vbox (badness 1629) has occurred while \output is active []

 [18]
File: velocity_fig2.eps Graphic file (type eps)

<velocity_fig2.eps> [19]
File: velocity_fig3.eps Graphic file (type eps)
 <velocity_fig3.eps>
File: velocity_fig4.eps Graphic file (type eps)
 <velocity_fig4.eps>
File: velocity_fig5.eps Graphic file (type eps)

<velocity_fig5.eps>
File: velocity_fig6.eps Graphic file (type eps)
 <velocity_fig6.eps>
File: velocity_fig7.eps Graphic file (type eps)
 <velocity_fig7.eps>
Underfull \vbox (badness 10000) has occurred while \output is active []

 [20]
File: velocity_fig8.eps Graphic file (type eps)

<velocity_fig8.eps>
Underfull \vbox (badness 2020) has occurred while \output is active []

 [21]
File: velocity_fig9.eps Graphic file (type eps)

<velocity_fig9.eps>
File: velocity_fig10.eps Graphic file (type eps)
 <velocity_fig10.eps>
File: velocity_fig11.eps Graphic file (type eps)
 <velocity_fig11.eps>
File: velocity_fig12.eps Graphic file (type eps)

<velocity_fig12.eps>
Underfull \vbox (badness 10000) has occurred while \output is active []

 [22]
File: velocity_fig13.eps Graphic file (type eps)

<velocity_fig13.eps>
File: velocity_fig14.eps Graphic file (type eps)
 <velocity_fig14.eps>
File: velocity_fig15.eps Graphic file (type eps)
 <velocity_fig15.eps>
File: velocity_fig15.eps Graphic file (type eps)

<velocity_fig15.eps> [23]
File: velocity_fig16.eps Graphic file (type eps)
 <velocity_fig16.eps>
File: velocity_fig16.eps Graphic file (type eps)
 <velocity_fig16.eps>) [24]
\openout2 = `relating.aux'.


(./relating.tex
File: relating_fig1.eps Graphic file (type eps)
 <relating_fig1.eps> [25


]
Underfull \vbox (badness 1184) has occurred while \output is active []

 [26]
File: relating_fig2.eps Graphic file (type eps)

<relating_fig2.eps> [27]
File: relating_fig3.eps Graphic file (type eps)
 <relating_fig3.eps>
File: relating_fig4.eps Graphic file (type eps)
 <relating_fig4.eps>
File: relating_fig5.eps Graphic file (type eps)

<relating_fig5.eps>
File: relating_fig6.eps Graphic file (type eps)
 <relating_fig6.eps>
Underfull \vbox (badness 10000) has occurred while \output is active []

 [28])
[29]
\openout2 = `changing.aux'.

 (./changing.tex
File: changing_fig1.eps Graphic file (type eps)
 <changing_fig1.eps> [30


]
File: changing_fig2.eps Graphic file (type eps)
 <changing_fig2.eps> [31]
File: changing_fig3.eps Graphic file (type eps)

<changing_fig3.eps> [32]
File: changing_fig1.eps Graphic file (type eps)
 <changing_fig1.eps>
File: changing_fig2.eps Graphic file (type eps)
 <changing_fig2.eps>
Underfull \vbox (badness 10000) has occurred while \output is active []

 [33]
[34]
File: changing_fig4.eps Graphic file (type eps)
 <changing_fig4.eps> [35]
File: changing_fig5.eps Graphic file (type eps)
 <changing_fig5.eps>
Underfull \vbox (badness 10000) has occurred while \output is active []

 [36]
File: changing_fig5.eps Graphic file (type eps)

<changing_fig5.eps>
Underfull \vbox (badness 10000) has occurred while \output is active []

 [37]
File: changing_fig6.eps Graphic file (type eps)

<changing_fig6.eps> [38]
File: changing_fig7.eps Graphic file (type eps)
 <changing_fig7.eps>
File: changing_fig8.eps Graphic file (type eps)
 <changing_fig8.eps>
File: changing_fig9.eps Graphic file (type eps)

<changing_fig9.eps>
Underfull \vbox (badness 10000) has occurred while \output is active []

 [39]
File: changing_fig10.eps Graphic file (type eps)

<changing_fig10.eps>
File: changing_fig11.eps Graphic file (type eps)
 <changing_fig11.eps> [40]
File: changing_fig12.eps Graphic file (type eps)
 <changing_fig12.eps>
File: changing_fig12.eps Graphic file (type eps)

<changing_fig12.eps>
File: changing_fig12.eps Graphic file (type eps)
 <changing_fig12.eps>
Underfull \vbox (badness 10000) has occurred while \output is active []

 [41]
File: changing_fig12.eps Graphic file (type eps)

<changing_fig12.eps>) [42]
\openout2 = `slowing.aux'.

 (./slowing.tex
File: slowing_fig1.eps Graphic file (type eps)
 <slowing_fig1.eps> [43


] [44]
File: slowing_fig2.eps Graphic file (type eps)

<slowing_fig2.eps>
File: slowing_fig1.eps Graphic file (type eps)
 <slowing_fig1.eps>
Underfull \vbox (badness 10000) has occurred while \output is active []

 [45]
[46]
File: slowing_fig3.eps Graphic file (type eps)
 <slowing_fig3.eps>
File: slowing_fig4.eps Graphic file (type eps)
 <slowing_fig4.eps> [47]
File: slowing_fig5.eps Graphic file (type eps)
 <slowing_fig5.eps> [48]
[49]
File: slowing_fig6.eps Graphic file (type eps)
 <slowing_fig6.eps>
File: slowing_fig7.eps Graphic file (type eps)
 <slowing_fig7.eps>
File: slowing_fig8.eps Graphic file (type eps)
 <slowing_fig8.eps>
Underfull \vbox (badness 7344) has occurred while \output is active []

 [50]
File: slowing_fig9.eps Graphic file (type eps)

<slowing_fig9.eps>
File: slowing_fig10.eps Graphic file (type eps)
 <slowing_fig10.eps> [51]
File: slowing_fig11.eps Graphic file (type eps)
 <slowing_fig11.eps>
File: slowing_fig12.eps Graphic file (type eps)

<slowing_fig12.eps>
File: slowing_fig13.eps Graphic file (type eps)
 <slowing_fig13.eps> [52]
File: slowing_fig14.eps Graphic file (type eps)
 <slowing_fig14.eps>
File: slowing_fig15.eps Graphic file (type eps)

<slowing_fig15.eps>
File: slowing_fig15.eps Graphic file (type eps)
 <slowing_fig15.eps> [53]
File: slowing_fig15.eps Graphic file (type eps)
 <slowing_fig15.eps>
File: slowing_fig16.eps Graphic file (type eps)

<slowing_fig16.eps>
File: slowing_fig16.eps Graphic file (type eps)
 <slowing_fig16.eps>
File: slowing_fig16.eps Graphic file (type eps)
 <slowing_fig16.eps> [54]
File: slowing_fig17.eps Graphic file (type eps)

<slowing_fig17.eps>
Overfull \hbox (42.06612pt too wide) in paragraph at lines 522--522
 [][] 
 []

) [55]
\openout2 = `equations.aux'.

 (./equations.tex
File: equations_fig1.eps Graphic file (type eps)
 <equations_fig1.eps>
Overfull \hbox (5.93112pt too wide) in paragraph at lines 49--49
 [][] 
 []

[56


] [57]
Underfull \vbox (badness 1286) has occurred while \output is active []

 [58]
File: equations_fig2.eps Graphic file (type eps)

<equations_fig2.eps> [59] [60]) [61]
\openout2 = `measurement_uncertainty.aux'.

 (./measurement_uncertainty.tex [62


]
[63] [64]
File: SampleHist1.eps Graphic file (type eps)
 <SampleHist1.eps> [65]
File: measurement_uncertainty_fig1.eps Graphic file (type eps)
 <measurement_uncertainty_fig1.eps>) [66]
\openout2 = `grav_freefall.aux'.


(./grav_freefall.tex [67


] [68] [69]) [70]
\openout2 = `projectile.aux'.

 (./projectile.tex [71


] [72]) [73]
\openout2 = `circ_motion.aux'.


(./circ_motion.tex [74


] [75]
File: circ_motion_fig1.eps Graphic file (type eps)
 <circ_motion_fig1.eps> [76]
File: circ_motion_fig2.eps Graphic file (type eps)

<circ_motion_fig2.eps>
Underfull \vbox (badness 1077) has occurred while \output is active []

 [77]
File: circ_motion_fig3.eps Graphic file (type eps)

<circ_motion_fig3.eps>
Underfull \vbox (badness 5667) has occurred while \output is active []

 [78])
[79]
\openout2 = `force1.aux'.

 (./force1.tex [80


]
File: force1_fig1.eps Graphic file (type eps)
 <force1_fig1.eps>
File: force1_fig2.eps Graphic file (type eps)
 <force1_fig2.eps>
Underfull \vbox (badness 10000) has occurred while \output is active []

 [81]
[82]
File: force1_fig3.eps Graphic file (type eps)
 <force1_fig3.eps> [83]
File: force1_fig4.eps Graphic file (type eps)
 <force1_fig4.eps>
File: force1_fig5.eps Graphic file (type eps)
 <force1_fig5.eps> [84]
File: force1_fig5.eps Graphic file (type eps)

<force1_fig5.eps>
Underfull \vbox (badness 10000) has occurred while \output is active []

 [85]
Underfull \vbox (badness 10000) has occurred while \output is active []

 [86]
[87]
File: force1_fig6.eps Graphic file (type eps)
 <force1_fig6.eps>
File: force1_fig7.eps Graphic file (type eps)
 <force1_fig7.eps>
File: force1_fig8.eps Graphic file (type eps)
 <force1_fig8.eps>
File: force1_fig9.eps Graphic file (type eps)
 <force1_fig9.eps>
[88]
File: force1_fig10.eps Graphic file (type eps)
 <force1_fig10.eps>
File: force1_fig10.eps Graphic file (type eps)
 <force1_fig10.eps>
File: force1_fig10.eps Graphic file (type eps)
 <force1_fig10.eps> [89]
File: force1_fig11.eps Graphic file (type eps)

<force1_fig11.eps>
File: force1_fig9.eps Graphic file (type eps)
 <force1_fig9.eps>
File: force1_fig12.eps Graphic file (type eps)
 <force1_fig12.eps>
Underfull \vbox (badness 10000) has occurred while \output is active []

 [90]
File: force1_fig9.eps Graphic file (type eps)

<force1_fig9.eps>) [91]
\openout2 = `force2.aux'.

 (./force2.tex
File: force2_fig1.eps Graphic file (type eps)
 <force2_fig1.eps> [92


]
File: force2_fig2.eps Graphic file (type eps)
 <force2_fig2.eps>
File: force2_fig3.eps Graphic file (type eps)

<force2_fig3.eps> [93]
File: force2_fig4.eps Graphic file (type eps)
 <force2_fig4.eps> [94]
File: force2_fig5.eps Graphic file (type eps)
 <force2_fig5.eps> [95]
File: force2_fig6.eps Graphic file (type eps)

<force2_fig6.eps>
File: force2_fig7.eps Graphic file (type eps)
 <force2_fig7.eps>
File: force2_fig7.eps Graphic file (type eps)
 <force2_fig7.eps>
Underfull \vbox (badness 1533) has occurred while \output is active []

 [96]
File: force2_fig7.eps Graphic file (type eps)

<force2_fig7.eps>
File: force2_fig7.eps Graphic file (type eps)
 <force2_fig7.eps>
File: force2_fig7.eps Graphic file (type eps)
 <force2_fig7.eps>
File: force2_fig7.eps Graphic file (type eps)
 <force2_fig7.eps>
[97]
File: force2_fig8.eps Graphic file (type eps)
 <force2_fig8.eps>
File: force2_fig9.eps Graphic file (type eps)
 <force2_fig9.eps>
Underfull \vbox (badness 7925) has occurred while \output is active []

 [98]
File: force2_fig6.eps Graphic file (type eps)

<force2_fig6.eps>
File: force2_fig10.eps Graphic file (type eps)
 <force2_fig10.eps>) [99]
\openout2 = `combining.aux'.

 (./combining.tex
File: force2_fig4.eps Graphic file (type eps)
 <force2_fig4.eps>
[100


] [101]
File: combining_fig1.eps Graphic file (type eps)
 <combining_fig1.eps>
Underfull \vbox (badness 10000) has occurred while \output is active []

 [102]
File: force2_fig4.eps Graphic file (type eps)

<force2_fig4.eps>
Underfull \vbox (badness 10000) has occurred while \output is active []

 [103]
[104]
File: combining_fig2.eps Graphic file (type eps)
 <combining_fig2.eps>
File: combining_fig3.eps Graphic file (type eps)
 <combining_fig3.eps>
File: combining_fig4.eps Graphic file (type eps)
 <combining_fig4.eps>
File: combining_fig4.eps Graphic file (type eps)

<combining_fig4.eps> [105]
File: combining_fig4.eps Graphic file (type eps)
 <combining_fig4.eps>) [106]
\openout2 = `force_mass.aux'.

 (./force_mass.tex
[107


]
File: force1_fig4.eps Graphic file (type eps)
 <force1_fig4.eps>
File: force2_fig4.eps Graphic file (type eps)
 <force2_fig4.eps>
Underfull \vbox (badness 10000) has occurred while \output is active []

 [108]
Underfull \vbox (badness 2573) has occurred while \output is active []

 [109]
[110] [111] [112] [113]
File: force2_fig6.eps Graphic file (type eps)
 <force2_fig6.eps>
File: force_mass_fig1.eps Graphic file (type eps)
 <force_mass_fig1.eps> [114]
File: combining_fig2.eps Graphic file (type eps)

<combining_fig2.eps>
File: combining_fig4.eps Graphic file (type eps)
 <combining_fig4.eps>) [115]
\openout2 = `newton.aux'.

 (./newton.tex
File: newton_fig1.eps Graphic file (type eps)

<newton_fig1.eps> [116


]
File: newton_fig2.eps Graphic file (type eps)
 <newton_fig2.eps>
File: newton_fig3.eps Graphic file (type eps)
 <newton_fig3.eps>
File: newton_fig4.eps Graphic file (type eps)
 <newton_fig4.eps>
[117]
File: newton_fig5.eps Graphic file (type eps)
 <newton_fig5.eps>
Underfull \vbox (badness 10000) has occurred while \output is active []

 [118]
File: newton_fig6.eps Graphic file (type eps)

<newton_fig6.eps> [119]
File: newton_fig7.eps Graphic file (type eps)
 <newton_fig7.eps>
File: newton_fig8.eps Graphic file (type eps)
 <newton_fig8.eps>
Underfull \vbox (badness 10000) has occurred while \output is active []

 [120]
File: newton_fig9.eps Graphic file (type eps)

<newton_fig9.eps> [121]
File: newton_fig10.eps Graphic file (type eps)
 <newton_fig10.eps>) [122]
\openout2 = `friction.aux'.

 (./friction.tex [123


]
[124]
File: friction_fig1.eps Graphic file (type eps)
 <friction_fig1.eps> [125]
File: friction_fig2.eps Graphic file (type eps)
 <friction_fig2.eps>
File: friction_fig3.eps Graphic file (type eps)
 <friction_fig3.eps>
File: friction_fig4.eps Graphic file (type eps)

<friction_fig4.eps>
File: friction_fig4.eps Graphic file (type eps)
 <friction_fig4.eps>
File: friction_fig5.eps Graphic file (type eps)
 <friction_fig5.eps> [126]
File: friction_fig6.eps Graphic file (type eps)

<friction_fig6.eps>
File: friction_fig4.eps Graphic file (type eps)
 <friction_fig4.eps>) [127]
\openout2 = `elec_grav.aux'.

 (./elec_grav.tex
File: elec_grav_fig1.eps Graphic file (type eps)

<elec_grav_fig1.eps>
File: elec_grav_fig2.eps Graphic file (type eps)
 <elec_grav_fig2.eps>
Underfull \vbox (badness 5504) has occurred while \output is active []

 [128


]
File: elec_grav_fig3.eps Graphic file (type eps)

<elec_grav_fig3.eps>
File: elec_grav_fig4.eps Graphic file (type eps)
 <elec_grav_fig4.eps>
Underfull \vbox (badness 10000) has occurred while \output is active []

 [129]
[130]
Underfull \vbox (badness 3000) has occurred while \output is active []

 [131])
[132]
\openout2 = `centripetal.aux'.

 (./centripetal.tex
File: centripetal_fig1.eps Graphic file (type eps)
 <centripetal_fig1.eps>
File: centripetal_fig2.eps Graphic file (type eps)
 <centripetal_fig2.eps> [133


]
File: circ_motion_fig1.eps Graphic file (type eps)

<circ_motion_fig1.eps>
Underfull \vbox (badness 10000) has occurred while \output is active []

 [134]
File: circ_motion_fig2.eps Graphic file (type eps)

<circ_motion_fig2.eps> [135] [136]
File: circ_motion_fig3.eps Graphic file (type eps)
 <circ_motion_fig3.eps> [137] [138] [139]
Underfull \hbox (badness 10000) in paragraph at lines 354--359

 []


Underfull \hbox (badness 10000) in paragraph at lines 360--368

 []

) [140]
\openout2 = `work_power.aux'.

 (./work_power.tex
File: work_power_fig1s.eps Graphic file (type eps)
 <work_power_fig1s.eps>
File: work_power_fig2.eps Graphic file (type eps)
 <work_power_fig2.eps> [141


]
[142]
File: work_power_fig3.eps Graphic file (type eps)
 <work_power_fig3.eps>
File: work_power_fig4.eps Graphic file (type eps)
 <work_power_fig4.eps> [143]
File: work_power_fig5.eps Graphic file (type eps)
 <work_power_fig5.eps>
File: work_power_fig6.eps Graphic file (type eps)

<work_power_fig6.eps> [144] [145]) [146]
\openout2 = `work_kinetic.aux'.

 (./work_kinetic.tex [147


]
File: work_kinetic_fig1.eps Graphic file (type eps)

<work_kinetic_fig1.eps>
Underfull \vbox (badness 10000) has occurred while \output is active []

 [148]
File: work_kinetic_fig2.eps Graphic file (type eps)

<work_kinetic_fig2.eps> [149] [150] [151]) [152]
\openout2 = `conservation_mech.aux'.

 (./conservation_mech.tex
[153


] [154]) [155]
\openout2 = `eoverm2.aux'.

 (./eoverm2.tex
File: eoverm2/vCrossB.eps Graphic file (type eps)
 <eoverm2/vCrossB.eps> [156


] [157]
File: eoverm2/apparatus1.ps Graphic file (type eps)

<eoverm2/apparatus1.ps> [158]
File: eoverm2/apparatus2.ps Graphic file (type eps)
 <eoverm2/apparatus2.ps> [159] [160]) [161]
\openout2 = `conservative.aux'.


(./conservative.tex
File: conservative_fig1.eps Graphic file (type eps)
 <conservative_fig1.eps> [162


]
File: conservative_fig2.eps Graphic file (type eps)
 <conservative_fig2.eps>
[163]
File: conservative_fig3.eps Graphic file (type eps)
 <conservative_fig3.eps>
File: conservative_fig4.eps Graphic file (type eps)
 <conservative_fig4.eps>
Underfull \vbox (badness 10000) has occurred while \output is active []

 [164]
[165]) [166]
\openout2 = `momentum.aux'.

 (./momentum.tex
File: momentum_fig1.eps Graphic file (type eps)
 <momentum_fig1.eps> [167


] [168] [169] [170]
File: momentum_fig2.eps Graphic file (type eps)

<momentum_fig2.eps>
Underfull \vbox (badness 10000) has occurred while \output is active []

 [171]
File: momentum_fig3.eps Graphic file (type eps)

<momentum_fig3.eps>) [172]
\openout2 = `impulse.aux'.

 (./impulse.tex
File: impulse_fig1.eps Graphic file (type eps)
 <impulse_fig1.eps> [173


]
File: impulse_fig2.eps Graphic file (type eps)

<impulse_fig2.eps>
File: impulse_fig3.eps Graphic file (type eps)
 <impulse_fig3.eps> [174]
File: impulse_fig4.eps Graphic file (type eps)
 <impulse_fig4.eps> [175]) [176]
\openout2 = `newtons_laws.aux'.


(./newtons_laws.tex
File: newtons_laws_fig1.eps Graphic file (type eps)
 <newtons_laws_fig1.eps> [177


]
File: newtons_laws_fig2.eps Graphic file (type eps)
 <newtons_laws_fig2.eps>
File: newtons_laws_fig3.eps Graphic file (type eps)

<newtons_laws_fig3.eps>
File: newtons_laws_fig4.eps Graphic file (type eps)
 <newtons_laws_fig4.eps> [178]
File: newtons_laws_fig5.eps Graphic file (type eps)
 <newtons_laws_fig5.eps>
File: newtons_laws_fig6.eps Graphic file (type eps)

<newtons_laws_fig6.eps> [179] [180] [181] [182]) [183]
\openout2 = `mom_cons.aux'.

 (./mom_cons.tex
File: mom_cons_fig1.eps Graphic file (type eps)

<mom_cons_fig1.eps>
Overfull \hbox (53.10736pt too wide) in paragraph at lines 68--68
 [][] 
 []

[184


]
File: mom_cons_fig2.eps Graphic file (type eps)
 <mom_cons_fig2.eps> [185]
File: mom_cons_fig3.eps Graphic file (type eps)
 <mom_cons_fig3.eps>
File: mom_cons_fig4.eps Graphic file (type eps)
 <mom_cons_fig4.eps>
[186]
File: mom_cons_fig5.eps Graphic file (type eps)
 <mom_cons_fig5.eps>
Underfull \vbox (badness 3148) has occurred while \output is active []

 [187]
[188]) [189]
\openout2 = `twod_collisions.aux'.

 (./twod_collisions.tex
File: twod_collisions_fig1.eps Graphic file (type eps)
 <twod_collisions_fig1.eps>
File: twod_collisions_fig1s.eps Graphic file (type eps)

<twod_collisions_fig1s.eps>
Underfull \vbox (badness 5147) has occurred while \output is active []

 [190


]
[191] [192] [193]) [194]
\openout2 = `ang_lin_displacement.aux'.

 (./ang_lin_displacement.tex

Package Fancyhdr Warning: \headheight is too small (12.0pt): 
 Make it at least 22.48724pt.
 We now make it that large for the rest of the document.
 This may cause the page layout to be inconsistent, however.

[195


]) [196]
\openout2 = `rotation.aux'.

 (./rotation.tex
File: rotation_fig1.eps Graphic file (type eps)
 <rotation_fig1.eps> [197


]
File: rotation_fig3.eps Graphic file (type eps)
 <rotation_fig3.eps>
File: rotation_fig4.eps Graphic file (type eps)

<rotation_fig4.eps>
File: rotation_fig5.eps Graphic file (type eps)
 <rotation_fig5.eps> [198]
File: rotation_fig6.eps Graphic file (type eps)
 <rotation_fig6.eps> [199]
File: rotation_fig7.eps Graphic file (type eps)

<rotation_fig7.eps> [200]
File: rotation_fig8.eps Graphic file (type eps)
 <rotation_fig8.eps>
Underfull \vbox (badness 10000) has occurred while \output is active []

 [201]
[202]
File: rotation_fig9.eps Graphic file (type eps)
 <rotation_fig9.eps>) [203]
\openout2 = `newtons_2law_rot.aux'.

 (./newtons_2law_rot.tex [204


] [205] [206])
[207]
\openout2 = `ang_mom.aux'.

 (./ang_mom.tex
File: ang_mom_fig1.eps Graphic file (type eps)
 <ang_mom_fig1.eps> [208


]
File: ang_mom_fig2.eps Graphic file (type eps)
 <ang_mom_fig2.eps> [209]
File: ang_mom_fig3.eps Graphic file (type eps)

<ang_mom_fig3.eps> [210]
File: ang_mom_fig4.eps Graphic file (type eps)
 <ang_mom_fig4.eps>
File: ang_mom_fig5.eps Graphic file (type eps)
 <ang_mom_fig5.eps> [211]
File: ang_mom_fig6.eps Graphic file (type eps)

<ang_mom_fig6.eps> [212]) [213]
\openout2 = `cons_ang_mom.aux'.

 (./cons_ang_mom.tex [214


] [215]) [216]
\openout2 = `hooke.aux'.


(./hooke.tex
Underfull \hbox (badness 10000) in paragraph at lines 14--15

 []

[217


]) [218]
\openout2 = `periodic_motion.aux'.

 (./periodic_motion.tex
File: periodic_motion_fig1.eps Graphic file (type eps)
 <periodic_motion_fig1.eps>
Underfull \vbox (badness 1057) has occurred while \output is active []

 [219


]
[220] [221]
File: periodic_motion_fig2.eps Graphic file (type eps)
 <periodic_motion_fig2.eps>
File: periodic_motion_fig3.eps Graphic file (type eps)
 <periodic_motion_fig3.eps>
Underfull \vbox (badness 10000) has occurred while \output is active []

 [222]
Underfull \vbox (badness 10000) has occurred while \output is active []

 [223]
[224]) [225]
\openout2 = `pendulum_period.aux'.

 (./pendulum_period.tex
Underfull \hbox (badness 10000) in paragraph at lines 18--19

 []

[226


]) [227]
\openout2 = `galilean_relativity.aux'.

 (./galilean_relativity.tex [228


] [229] [230]) [231]
\openout2 = `twins_paradox.aux'.


(./twins_paradox.tex [232


] [233]) [234]
\openout2 = `treatment_data.aux'.

 (./treatment_data.tex [235


]) [236]
\openout2 = `datastudio.aux'.


(./datastudio.tex
File: datastudio_fig1.eps Graphic file (type eps)
 <datastudio_fig1.eps> [237


]) [238]
\openout2 = `excel.aux'.

 (./excel.tex
File: excelfigs/excelwindow.eps Graphic file (type eps)

<excelfigs/excelwindow.eps>
LaTeX Font Info:    Try loading font information for T1+cmtt on input line 33.
 (/usr/share/texmf/tex/latex/base/t1cmtt.fd
File: t1cmtt.fd 1999/05/25 v2.5h Standard LaTeX font definitions
)
File: excelfigs/scatterplot.eps Graphic file (type eps)

<excelfigs/scatterplot.eps> [239


]
File: excelfigs/histf1.eps Graphic file (type eps)
 <excelfigs/histf1.eps>
File: excelfigs/histf2.eps Graphic file (type eps)

<excelfigs/histf2.eps> [240]
File: excelfigs/histf3.eps Graphic file (type eps)
 <excelfigs/histf3.eps>
File: excelfigs/histf4.eps Graphic file (type eps)
 <excelfigs/histf4.eps>
[241]) [242]
\openout2 = `video_analysis.aux'.

 (./video_analysis.tex
Overfull \hbox (10.01775pt too wide) in paragraph at lines 81--89
[]\T1/cmr/m/n/10 Start up \T1/cmr/m/it/10 Video-point \T1/cmr/m/n/10 by go-ing 
to \T1/cmtt/m/n/10 Start $\OMS/cmsy/m/n/10 !$ \T1/cmtt/m/n/10 Programs $\OMS/cm
sy/m/n/10 !$ \T1/cmtt/m/n/10 Physics Applications $\OMS/cmsy/m/n/10 !$ \T1/cmtt
/m/n/10 VideoPoint $\OMS/cmsy/m/n/10 !$ \T1/cmtt/m/n/10 VideoPoint
 []

[243


]) [244]
\openout2 = `video_analysis_tracker.aux'.

 (./video_analysis_tracker.tex
File: Tracker_figure.eps Graphic file (type eps)
 <Tracker_figure.eps> [245


] [246])
[247]
\openout2 = `instrumentation.aux'.

 (./instrumentation.tex [248


]
File: instrumentation_fig1.eps Graphic file (type eps)
 <instrumentation_fig1.eps> [249] [250])
[251] (./master.aux (./measuring.aux) (./walking_speed.aux) (./position.aux)
(./velocity.aux) (./relating.aux) (./changing.aux) (./slowing.aux)
(./equations.aux) (./measurement_uncertainty.aux) (./grav_freefall.aux)
(./projectile.aux) (./circ_motion.aux) (./force1.aux) (./force2.aux)
(./combining.aux) (./force_mass.aux) (./newton.aux) (./friction.aux)
(./elec_grav.aux) (./centripetal.aux) (./work_power.aux) (./work_kinetic.aux)
(./conservation_mech.aux) (./eoverm2.aux) (./conservative.aux) (./momentum.aux)
(./impulse.aux) (./newtons_laws.aux) (./mom_cons.aux) (./twod_collisions.aux)
(./ang_lin_displacement.aux) (./rotation.aux) (./newtons_2law_rot.aux)
(./ang_mom.aux) (./cons_ang_mom.aux) (./hooke.aux) (./periodic_motion.aux)
(./pendulum_period.aux) (./galilean_relativity.aux) (./twins_paradox.aux)
(./treatment_data.aux) (./datastudio.aux) (./excel.aux) (./video_analysis.aux)
(./video_analysis_tracker.aux) (./instrumentation.aux)) ) 
Here is how much of TeX's memory you used:
 2035 strings out of 256217
 27194 string characters out of 1917095
 80499 words of memory out of 1500000
 4822 multiletter control sequences out of 10000+200000
 21954 words of font info for 53 fonts, out of 1200000 for 2000
 645 hyphenation exceptions out of 8191
 30i,11n,43p,878b,367s stack positions out of 5000i,500n,6000p,200000b,15000s

Output written on master.dvi (252 pages, 643984 bytes).
